<?xml version="1.0" encoding="UTF-8"?>
<!-- Generated by org.testng.reporters.JUnitXMLReporter -->
<testsuite ignored="4" hostname="shiva" failures="0" tests="2" name="Default test" time="17.916" errors="0" timestamp="2024-01-26T15:48:59 IST">
  <testcase classname="com.ninja.qa.testcases.AppLoginTest" name="verifyLoginWithValidCredentials" time="4.821"/>
  <testcase classname="com.ninja.qa.testcases.AppLoginTest" name="verifyLoginWithValidCredentials" time="5.076"/>
  <testcase classname="com.ninja.qa.testcases.AppLoginTest" name="VerifyloginWithInvalidEmailAndValidPassword" time="0.0">
    <ignored/>
  </testcase> <!-- VerifyloginWithInvalidEmailAndValidPassword -->
  <testcase classname="com.ninja.qa.testcases.AppLoginTest" name="VerifyLoginWithoutCredentials" time="0.0">
    <ignored/>
  </testcase> <!-- VerifyLoginWithoutCredentials -->
  <testcase classname="com.ninja.qa.testcases.AppLoginTest" name="verifyLoginWithValidEmailAndInvalidPassword" time="0.0">
    <ignored/>
  </testcase> <!-- verifyLoginWithValidEmailAndInvalidPassword -->
  <testcase classname="com.ninja.qa.testcases.AppLoginTest" name="VerifyLoginWithInvalidCredentials" time="0.0">
    <ignored/>
  </testcase> <!-- VerifyLoginWithInvalidCredentials -->
</testsuite> <!-- Default test -->
