<?xml version="1.0" encoding="UTF-8"?>
<!-- Generated by org.testng.reporters.JUnitXMLReporter -->
<testsuite ignored="0" hostname="shiva" failures="1" tests="10" name="Test" time="67.989" errors="0" timestamp="2024-01-26T10:34:47 IST">
  <testcase classname="com.ninja.qa.testcases.AppLoginTest" name="verifyLoginWithValidCredentials" time="5.048"/>
  <testcase classname="com.ninja.qa.testcases.AppLoginTest" name="verifyLoginWithValidCredentials" time="5.122"/>
  <testcase classname="com.ninja.qa.testcases.AppLoginTest" name="verifyLoginWithValidEmailAndInvalidPassword" time="4.774"/>
  <testcase classname="com.ninja.qa.testcases.AppLoginTest" name="VerifyloginWithInvalidEmailAndValidPassword" time="4.867"/>
  <testcase classname="com.ninja.qa.testcases.AppLoginTest" name="VerifyLoginWithInvalidCredentials" time="4.883">
    <failure type="java.lang.AssertionError" message="failed expected [failing intentionally to verify listeners] but found [Warning: No match for E-Mail Address and/or Password.]">
      <![CDATA[java.lang.AssertionError: failed expected [failing intentionally to verify listeners] but found [Warning: No match for E-Mail Address and/or Password.]
at com.ninja.qa.testcases.AppLoginTest.VerifyLoginWithInvalidCredentials(AppLoginTest.java:107)
at java.base/java.util.ArrayList.forEach(ArrayList.java:1511)
... Removed 32 stack frames]]>
    </failure>
  </testcase> <!-- VerifyLoginWithInvalidCredentials -->
  <testcase classname="com.ninja.qa.testcases.AppLoginTest" name="VerifyLoginWithoutCredentials" time="0.0">
    <skipped/>
  </testcase> <!-- VerifyLoginWithoutCredentials -->
  <testcase classname="com.ninja.qa.testcases.RegisterTest" name="verifyRegisterAnAccountWithMandatoryFields" time="5.39"/>
  <testcase classname="com.ninja.qa.testcases.RegisterTest" name="verifyRegisterAnAccountWithoutPrivacyPolicy" time="1.045"/>
  <testcase classname="com.ninja.qa.testcases.RegisterTest" name="verifyRegisterAnAccountWithExistingEmail" time="1.109"/>
  <testcase classname="com.ninja.qa.testcases.RegisterTest" name="verifyRegisterAnAccountWithoutAnyDetails" time="0.5"/>
</testsuite> <!-- Test -->
