<?xml version="1.0" encoding="UTF-8"?>
<testng-results ignored="4" total="6" passed="2" failed="0" skipped="0">
  <reporter-output>
  </reporter-output>
  <suite started-at="2024-01-26T15:48:42 IST" name="Default suite" finished-at="2024-01-26T15:48:59 IST" duration-ms="17916">
    <groups>
    </groups>
    <test started-at="2024-01-26T15:48:42 IST" name="Default test" finished-at="2024-01-26T15:48:59 IST" duration-ms="17916">
      <class name="com.ninja.qa.testcases.AppLoginTest">
        <test-method is-config="true" signature="setUp()[pri:0, instance:com.ninja.qa.testcases.AppLoginTest@368f2016]" started-at="2024-01-26T15:48:42 IST" name="setUp" finished-at="2024-01-26T15:48:46 IST" duration-ms="3871" status="PASS">
          <reporter-output>
          </reporter-output>
        </test-method> <!-- setUp -->
        <test-method signature="verifyLoginWithValidCredentials(java.lang.String,java.lang.String)[pri:1, instance:com.ninja.qa.testcases.AppLoginTest@368f2016]" started-at="2024-01-26T15:48:46 IST" name="verifyLoginWithValidCredentials" data-provider="validLoginCredentials" finished-at="2024-01-26T15:48:51 IST" duration-ms="4821" status="PASS">
          <params>
            <param index="0">
              <value>
                <![CDATA[swapna.83@hotmail.com]]>
              </value>
            </param>
            <param index="1">
              <value>
                <![CDATA[1234567]]>
              </value>
            </param>
          </params>
          <reporter-output>
          </reporter-output>
        </test-method> <!-- verifyLoginWithValidCredentials -->
        <test-method is-config="true" signature="tearDown()[pri:0, instance:com.ninja.qa.testcases.AppLoginTest@368f2016]" started-at="2024-01-26T15:48:51 IST" name="tearDown" finished-at="2024-01-26T15:48:51 IST" duration-ms="155" status="PASS">
          <reporter-output>
          </reporter-output>
        </test-method> <!-- tearDown -->
        <test-method is-config="true" signature="setUp()[pri:0, instance:com.ninja.qa.testcases.AppLoginTest@368f2016]" started-at="2024-01-26T15:48:51 IST" name="setUp" finished-at="2024-01-26T15:48:54 IST" duration-ms="3279" status="PASS">
          <reporter-output>
          </reporter-output>
        </test-method> <!-- setUp -->
        <test-method signature="verifyLoginWithValidCredentials(java.lang.String,java.lang.String)[pri:1, instance:com.ninja.qa.testcases.AppLoginTest@368f2016]" started-at="2024-01-26T15:48:54 IST" name="verifyLoginWithValidCredentials" data-provider="validLoginCredentials" finished-at="2024-01-26T15:48:59 IST" duration-ms="5076" status="PASS">
          <params>
            <param index="0">
              <value>
                <![CDATA[swapna.85@hotmail.com]]>
              </value>
            </param>
            <param index="1">
              <value>
                <![CDATA[123456]]>
              </value>
            </param>
          </params>
          <reporter-output>
          </reporter-output>
        </test-method> <!-- verifyLoginWithValidCredentials -->
        <test-method is-config="true" signature="tearDown()[pri:0, instance:com.ninja.qa.testcases.AppLoginTest@368f2016]" started-at="2024-01-26T15:48:59 IST" name="tearDown" finished-at="2024-01-26T15:48:59 IST" duration-ms="168" status="PASS">
          <reporter-output>
          </reporter-output>
        </test-method> <!-- tearDown -->
      </class> <!-- com.ninja.qa.testcases.AppLoginTest -->
    </test> <!-- Default test -->
  </suite> <!-- Default suite -->
</testng-results>
